2025-08-14 18:35:58,027 - INFO - Database initialized with enhanced schema
2025-08-14 18:35:58,027 - INFO - MarketDataManager initialized with database: market_data.db
2025-08-14 18:35:58,028 - INFO - Generated data summary
2025-08-14 18:35:58,029 - INFO - Retrieved 0 records from database
2025-08-14 18:35:58,029 - WARNING - No data found for backup
2025-08-14 18:35:58,030 - INFO - Retrieved 0 records from database
2025-08-14 18:37:22,411 - INFO - Database initialized with enhanced schema
2025-08-14 18:37:22,412 - INFO - MarketDataManager initialized with database: market_data.db
2025-08-14 18:37:22,413 - INFO - Generated data summary
2025-08-14 18:37:22,424 - INFO - Retrieved 3817 records from database
2025-08-14 18:37:22,443 - INFO - Backup created successfully: data_backups/backup_20250814_183722
2025-08-14 18:37:22,444 - INFO - Retrieved 5 records from database
2025-08-14 18:38:46,384 - INFO - Database initialized with enhanced schema
2025-08-14 18:38:46,385 - INFO - MarketDataManager initialized with database: market_data.db
2025-08-14 18:38:46,385 - INFO - BackupScheduler initialized
2025-08-14 18:38:46,385 - INFO - Backup scheduler started
2025-08-14 18:38:46,385 - INFO - Daily backups scheduled for 2:00 AM
2025-08-14 18:38:46,385 - INFO - Hourly validations scheduled
2025-08-14 18:38:46,385 - INFO - Starting hourly validation...
2025-08-14 18:38:46,386 - INFO - Generated data summary
2025-08-14 18:38:46,386 - INFO - ✅ Data validation passed
2025-08-14 18:39:05,560 - INFO - Backup scheduler stopped by user
2025-08-14 18:39:06,271 - INFO - Database initialized with enhanced schema
2025-08-14 18:39:06,271 - INFO - MarketDataManager initialized with database: market_data.db
2025-08-14 18:39:06,271 - INFO - DataExporter initialized
2025-08-14 18:39:06,282 - INFO - Retrieved 3817 records from database
2025-08-14 18:39:06,295 - INFO - Exported data to exports/market_data_export_20250814_183906.csv
2025-08-14 18:39:17,345 - INFO - Database initialized with enhanced schema
2025-08-14 18:39:17,346 - INFO - MarketDataManager initialized with database: market_data.db
2025-08-14 18:39:17,346 - INFO - DataExporter initialized
2025-08-14 18:39:17,359 - INFO - Retrieved 3817 records from database
2025-08-14 18:39:17,374 - INFO - Exported data to exports/market_data_export_20250814_183917.csv
2025-08-14 18:39:30,503 - INFO - Database initialized with enhanced schema
2025-08-14 18:39:30,504 - INFO - MarketDataManager initialized with database: market_data.db
2025-08-14 18:39:30,504 - INFO - EnhancedDataSaver initialized with Step 5 data management
2025-08-14 18:39:30,504 - INFO - Starting initial 7-year historical data collection
2025-08-14 18:39:30,505 - INFO - Generated data summary
2025-08-14 18:39:30,505 - INFO - Found 3817 existing records
2025-08-14 18:39:30,505 - INFO - Checking for data gaps...
2025-08-14 18:39:30,509 - INFO - Retrieved 1 records from database
2025-08-14 18:39:30,509 - INFO - Latest timestamp in database: 2018-01-02 05:00:00-05:00
2025-08-14 18:39:30,509 - INFO - Updating data from 2018-01-03 05:00:00-05:00 to 2025-08-13 18:39:30.504069-04:00
2025-08-14 18:39:30,509 - INFO - Fetching historical data for ['SPY', 'VXX'] from 2018-01-03 05:00:00-05:00 to 2025-08-13 18:39:30.504069-04:00
2025-08-14 18:39:30,817 - INFO - Successfully retrieved 3815 records
2025-08-14 18:39:30,820 - ERROR - Error saving data to database: Invalid parameter `method`: replace
2025-08-14 18:39:30,821 - INFO - Generated data summary
2025-08-14 18:40:08,350 - INFO - Database initialized with enhanced schema
2025-08-14 18:40:08,350 - INFO - MarketDataManager initialized with database: market_data.db
2025-08-14 18:40:08,351 - INFO - EnhancedDataSaver initialized with Step 5 data management
2025-08-14 18:40:08,351 - INFO - Starting initial 7-year historical data collection
2025-08-14 18:40:08,352 - INFO - Generated data summary
2025-08-14 18:40:08,352 - INFO - Found 3817 existing records
2025-08-14 18:40:08,352 - INFO - Checking for data gaps...
2025-08-14 18:40:08,355 - INFO - Retrieved 1 records from database
2025-08-14 18:40:08,355 - INFO - Latest timestamp in database: 2018-01-02 05:00:00-05:00
2025-08-14 18:40:08,355 - INFO - Updating data from 2018-01-03 05:00:00-05:00 to 2025-08-13 18:40:08.351060-04:00
2025-08-14 18:40:08,355 - INFO - Fetching historical data for ['SPY', 'VXX'] from 2018-01-03 05:00:00-05:00 to 2025-08-13 18:40:08.351060-04:00
2025-08-14 18:40:08,654 - INFO - Successfully retrieved 3815 records
2025-08-14 18:40:08,680 - INFO - Saved 3815 records to database (timeframe: Day)
2025-08-14 18:40:08,680 - INFO - Saved 3815 records to database
2025-08-14 18:40:08,704 - INFO - Market data saved to CSV: data_backups/historical_data_20250814_184008.csv
2025-08-14 18:40:08,705 - INFO - Market data saved to pickle: data_backups/historical_data_20250814_184008.pkl
2025-08-14 18:40:08,706 - INFO - Generated data summary
